app/build/outputs/logs/manifest-merger-free-release-report.txt
-- Merging decision tree log ---
action#com.mutho.music.PLAYBACK_VIEWER
INJECTED from src/main/AndroidManifest.xml:124:17-74
	android:name
		INJECTED from src/main/AndroidManifest.xml
provider#com.mutho.music.sql.providers.CustomArtworkContentProvider
INJECTED from src/main/AndroidManifest.xml:302:9-305:39
	android:authorities
		INJECTED from src/main/AndroidManifest.xml
provider#com.mutho.music.sql.providers.PlayCountContentProvider
INJECTED from src/main/AndroidManifest.xml:307:9-310:39
	android:authorities
		INJECTED from src/main/AndroidManifest.xml
provider#android.support.v4.content.FileProvider
INJECTED from src/main/AndroidManifest.xml:312:9-320:20
	android:authorities
		INJECTED from src/main/AndroidManifest.xml
manifest
ADDED from src/main/AndroidManifest.xml:2:1-335:12
INJECTED from src/main/AndroidManifest.xml:2:1-335:12
INJECTED from src/main/AndroidManifest.xml:2:1-335:12
INJECTED from src/main/AndroidManifest.xml:2:1-335:12
MERGED from src/main/AndroidManifest.xml:2:1-335:12
MERGED from [:libraries:aesthetic] AndroidManifest.xml:2:1-13:12
MERGED from [com.android.support:cardview-v7:27.1.0] AndroidManifest.xml:17:1-22:12
MERGED from [:libraries:multisheetview] AndroidManifest.xml:2:1-17:12
MERGED from [com.android.support:design:27.1.0] AndroidManifest.xml:17:1-22:12
MERGED from [:libraries:glidepalette] AndroidManifest.xml:2:1-9:12
MERGED from [:libraries:ccl] AndroidManifest.xml:17:1-26:12
MERGED from [com.google.android.gms:play-services-cast:15.0.1] AndroidManifest.xml:17:1-24:12
MERGED from [com.android.support:mediarouter-v7:27.1.0] AndroidManifest.xml:17:1-22:12
MERGED from [com.android.support:palette-v7:27.1.0] AndroidManifest.xml:17:1-22:12
MERGED from [com.android.support:preference-v14:27.1.0] AndroidManifest.xml:17:1-22:12
MERGED from [com.android.support:preference-v7:27.1.0] AndroidManifest.xml:17:1-22:12
MERGED from [:libraries:recycler-adapter] AndroidManifest.xml:2:1-17:12
MERGED from [com.afollestad.material-dialogs:commons:0.9.6.0] AndroidManifest.xml:2:1-14:12
MERGED from [com.afollestad.material-dialogs:core:0.9.6.0] AndroidManifest.xml:2:1-15:12
MERGED from [com.bignerdranch.android:expandablerecyclerview:3.0.0-RC1] AndroidManifest.xml:2:1-11:12
MERGED from [com.android.support:recyclerview-v7:27.1.0] AndroidManifest.xml:17:1-22:12
MERGED from [com.google.firebase:firebase-config:16.0.0] AndroidManifest.xml:17:1-24:12
MERGED from [com.google.firebase:firebase-core:16.0.1] AndroidManifest.xml:2:1-9:12
MERGED from [com.google.firebase:firebase-measurement-connector-impl:16.0.1] AndroidManifest.xml:17:1-34:12
MERGED from [com.google.firebase:firebase-analytics:16.0.1] AndroidManifest.xml:17:1-55:12
MERGED from [com.google.android.gms:play-services-phenotype:15.0.1] AndroidManifest.xml:17:1-24:12
MERGED from [com.google.android.gms:play-services-flags:15.0.1] AndroidManifest.xml:17:1-22:12
MERGED from [com.google.firebase:firebase-abt:16.0.0] AndroidManifest.xml:2:1-7:12
MERGED from [com.google.firebase:firebase-analytics-impl:16.1.1] AndroidManifest.xml:17:1-40:12
MERGED from [com.google.firebase:firebase-iid:16.0.0] AndroidManifest.xml:17:1-65:12
MERGED from [com.google.firebase:firebase-iid-interop:16.0.0] AndroidManifest.xml:2:1-10:12
MERGED from [com.google.android.gms:play-services-base:15.0.1] AndroidManifest.xml:17:1-29:12
MERGED from [com.google.firebase:firebase-common:16.0.0] AndroidManifest.xml:2:1-16:12
MERGED from [com.google.android.gms:play-services-tasks:15.0.1] AndroidManifest.xml:2:1-9:12
MERGED from [com.google.android.gms:play-services-stats:15.0.1] AndroidManifest.xml:2:1-9:12
MERGED from [com.google.firebase:firebase-measurement-connector:16.0.0] AndroidManifest.xml:17:1-25:12
MERGED from [com.google.android.gms:play-services-ads-identifier:15.0.1] AndroidManifest.xml:17:1-24:12
MERGED from [com.google.android.gms:play-services-basement:15.0.1] AndroidManifest.xml:17:1-28:12
MERGED from [com.android.support:support-v4:27.1.0] AndroidManifest.xml:17:1-22:12
MERGED from [com.android.support.constraint:constraint-layout:1.1.0-beta5] AndroidManifest.xml:2:1-11:12
MERGED from [com.squareup.sqlbrite2:sqlbrite:2.0.0] AndroidManifest.xml:2:1-8:12
MERGED from [:libraries:navigation] AndroidManifest.xml:2:1-11:12
MERGED from [com.jakewharton.rxbinding2:rxbinding-appcompat-v7:2.1.1] AndroidManifest.xml:2:1-8:12
MERGED from [com.jakewharton.rxbinding2:rxbinding:2.1.1] AndroidManifest.xml:2:1-8:12
MERGED from [com.github.timusus:RxImagePicker:permission-check-fix-SNAPSHOT] AndroidManifest.xml:2:1-20:12
MERGED from [io.reactivex.rxjava2:rxandroid:2.0.2] AndroidManifest.xml:15:1-21:12
MERGED from [com.cantrowitz:rxbroadcast:2.0.0] AndroidManifest.xml:2:1-12:12
MERGED from [com.f2prateek.rx.preferences2:rx-preferences:2.0.0] AndroidManifest.xml:2:1-10:12
MERGED from [com.simplecityapps:recyclerview-fastscroll:1.0.20] AndroidManifest.xml:2:1-9:12
MERGED from [com.github.bumptech.glide:okhttp3-integration:1.4.0] AndroidManifest.xml:2:1-17:12
MERGED from [com.greysonparrelli.permiso:permiso:0.3.0] AndroidManifest.xml:2:1-14:12
MERGED from [com.jakewharton:butterknife:8.8.1] AndroidManifest.xml:2:1-7:12
MERGED from [com.crashlytics.sdk.android:crashlytics:2.9.4] AndroidManifest.xml:2:1-19:12
MERGED from [com.squareup.leakcanary:leakcanary-android-no-op:1.5.4] AndroidManifest.xml:17:1-22:12
MERGED from [me.zhanghai.android.materialprogressbar:library:1.4.2] AndroidManifest.xml:6:1-16:12
MERGED from [com.android.support:appcompat-v7:27.1.0] AndroidManifest.xml:17:1-22:12
MERGED from [com.android.support:transition:27.1.0] AndroidManifest.xml:17:1-22:12
MERGED from [com.android.support:support-fragment:27.1.0] AndroidManifest.xml:17:1-22:12
MERGED from [com.android.support:animated-vector-drawable:27.1.0] AndroidManifest.xml:17:1-22:12
MERGED from [com.android.support:support-core-ui:27.1.0] AndroidManifest.xml:17:1-22:12
MERGED from [com.android.support:support-core-utils:27.1.0] AndroidManifest.xml:17:1-22:12
MERGED from [com.android.support:support-media-compat:27.1.0] AndroidManifest.xml:17:1-22:12
MERGED from [com.android.support:support-vector-drawable:27.1.0] AndroidManifest.xml:17:1-22:12
MERGED from [com.android.support:support-compat:27.1.0] AndroidManifest.xml:17:1-22:12
MERGED from [com.crashlytics.sdk.android:crashlytics-core:2.6.3] AndroidManifest.xml:45:1-56:12
MERGED from [com.crashlytics.sdk.android:beta:1.2.9] AndroidManifest.xml:2:1-13:12
MERGED from [com.crashlytics.sdk.android:answers:1.4.2] AndroidManifest.xml:2:1-13:12
MERGED from [io.fabric.sdk.android:fabric:1.4.3] AndroidManifest.xml:22:1-33:12
MERGED from [android.arch.lifecycle:runtime:1.1.0] AndroidManifest.xml:17:1-22:12
MERGED from [android.arch.lifecycle:livedata-core:1.1.0] AndroidManifest.xml:17:1-22:12
MERGED from [android.arch.lifecycle:viewmodel:1.1.0] AndroidManifest.xml:17:1-22:12
MERGED from [com.google.android.gms:play-services-measurement-base:16.0.0] AndroidManifest.xml:17:1-24:12
MERGED from [android.arch.core:runtime:1.1.0] AndroidManifest.xml:17:1-22:12
INJECTED from src/free/AndroidManifest.xml:2:1-9:12
INJECTED from src/free/AndroidManifest.xml:2:1-9:12
INJECTED from src/free/AndroidManifest.xml:2:1-9:12
	package
		ADDED from src/main/AndroidManifest.xml:3:5-30
		INJECTED from src/main/AndroidManifest.xml
		INJECTED from src/free/AndroidManifest.xml
	android:versionName
		INJECTED from src/main/AndroidManifest.xml
		ADDED from src/main/AndroidManifest.xml:2:1-335:12
		INJECTED from src/free/AndroidManifest.xml
	android:versionCode
		INJECTED from src/main/AndroidManifest.xml
		ADDED from src/main/AndroidManifest.xml:2:1-335:12
		INJECTED from src/free/AndroidManifest.xml
	xmlns:android
		ADDED from src/main/AndroidManifest.xml:2:11-69
uses-permission#android.permission.WAKE_LOCK
ADDED from src/main/AndroidManifest.xml:6:5-67
MERGED from [com.google.firebase:firebase-measurement-connector-impl:16.0.1] AndroidManifest.xml:24:5-68
MERGED from [com.google.firebase:firebase-measurement-connector-impl:16.0.1] AndroidManifest.xml:24:5-68
MERGED from [com.google.firebase:firebase-analytics:16.0.1] AndroidManifest.xml:25:5-68
MERGED from [com.google.firebase:firebase-analytics:16.0.1] AndroidManifest.xml:25:5-68
MERGED from [com.google.firebase:firebase-analytics-impl:16.1.1] AndroidManifest.xml:25:5-68
MERGED from [com.google.firebase:firebase-analytics-impl:16.1.1] AndroidManifest.xml:25:5-68
MERGED from [com.google.firebase:firebase-iid:16.0.0] AndroidManifest.xml:24:5-68
MERGED from [com.google.firebase:firebase-iid:16.0.0] AndroidManifest.xml:24:5-68
	android:name
		ADDED from src/main/AndroidManifest.xml:6:22-65
uses-permission#android.permission.READ_PHONE_STATE
ADDED from src/main/AndroidManifest.xml:7:5-74
	android:name
		ADDED from src/main/AndroidManifest.xml:7:22-72
uses-permission#android.permission.MODIFY_AUDIO_SETTINGS
ADDED from src/main/AndroidManifest.xml:8:5-79
	android:name
		ADDED from src/main/AndroidManifest.xml:8:22-77
uses-permission#android.permission.ACCESS_NETWORK_STATE
ADDED from src/main/AndroidManifest.xml:9:5-78
MERGED from [com.google.firebase:firebase-measurement-connector-impl:16.0.1] AndroidManifest.xml:23:5-79
MERGED from [com.google.firebase:firebase-measurement-connector-impl:16.0.1] AndroidManifest.xml:23:5-79
MERGED from [com.google.firebase:firebase-analytics:16.0.1] AndroidManifest.xml:24:5-79
MERGED from [com.google.firebase:firebase-analytics:16.0.1] AndroidManifest.xml:24:5-79
MERGED from [com.google.firebase:firebase-analytics-impl:16.1.1] AndroidManifest.xml:24:5-79
MERGED from [com.google.firebase:firebase-analytics-impl:16.1.1] AndroidManifest.xml:24:5-79
MERGED from [com.google.firebase:firebase-iid:16.0.0] AndroidManifest.xml:22:5-79
MERGED from [com.google.firebase:firebase-iid:16.0.0] AndroidManifest.xml:22:5-79
	android:name
		ADDED from src/main/AndroidManifest.xml:9:22-76
uses-permission#android.permission.ACCESS_WIFI_STATE
ADDED from src/main/AndroidManifest.xml:10:5-75
MERGED from [:libraries:ccl] AndroidManifest.xml:24:5-76
MERGED from [:libraries:ccl] AndroidManifest.xml:24:5-76
	android:name
		ADDED from src/main/AndroidManifest.xml:10:22-73
uses-permission#android.permission.INTERNET
ADDED from src/main/AndroidManifest.xml:11:5-66
MERGED from [com.google.firebase:firebase-measurement-connector-impl:16.0.1] AndroidManifest.xml:22:5-67
MERGED from [com.google.firebase:firebase-measurement-connector-impl:16.0.1] AndroidManifest.xml:22:5-67
MERGED from [com.google.firebase:firebase-analytics:16.0.1] AndroidManifest.xml:23:5-67
MERGED from [com.google.firebase:firebase-analytics:16.0.1] AndroidManifest.xml:23:5-67
MERGED from [com.google.firebase:firebase-analytics-impl:16.1.1] AndroidManifest.xml:23:5-67
MERGED from [com.google.firebase:firebase-analytics-impl:16.1.1] AndroidManifest.xml:23:5-67
MERGED from [com.google.firebase:firebase-iid:16.0.0] AndroidManifest.xml:23:5-67
MERGED from [com.google.firebase:firebase-iid:16.0.0] AndroidManifest.xml:23:5-67
MERGED from [com.crashlytics.sdk.android:crashlytics:2.9.4] AndroidManifest.xml:9:5-67
MERGED from [com.crashlytics.sdk.android:crashlytics:2.9.4] AndroidManifest.xml:9:5-67
MERGED from [com.crashlytics.sdk.android:crashlytics-core:2.6.3] AndroidManifest.xml:52:5-67
MERGED from [com.crashlytics.sdk.android:crashlytics-core:2.6.3] AndroidManifest.xml:52:5-67
MERGED from [com.crashlytics.sdk.android:beta:1.2.9] AndroidManifest.xml:9:5-67
MERGED from [com.crashlytics.sdk.android:beta:1.2.9] AndroidManifest.xml:9:5-67
MERGED from [com.crashlytics.sdk.android:answers:1.4.2] AndroidManifest.xml:9:5-67
MERGED from [com.crashlytics.sdk.android:answers:1.4.2] AndroidManifest.xml:9:5-67
MERGED from [io.fabric.sdk.android:fabric:1.4.3] AndroidManifest.xml:29:5-67
MERGED from [io.fabric.sdk.android:fabric:1.4.3] AndroidManifest.xml:29:5-67
	android:name
		ADDED from src/main/AndroidManifest.xml:11:22-64
uses-permission#android.permission.BLUETOOTH
ADDED from src/main/AndroidManifest.xml:12:5-67
	android:name
		ADDED from src/main/AndroidManifest.xml:12:22-65
uses-permission#android.permission.FOREGROUND_SERVICE
ADDED from src/main/AndroidManifest.xml:13:5-76
	android:name
		ADDED from src/main/AndroidManifest.xml:13:22-74
uses-permission#android.permission.WRITE_SETTINGS
ADDED from src/main/AndroidManifest.xml:18:5-72
	android:name
		ADDED from src/main/AndroidManifest.xml:18:22-70
uses-permission#android.permission.WRITE_EXTERNAL_STORAGE
ADDED from src/main/AndroidManifest.xml:20:5-80
MERGED from [com.github.timusus:RxImagePicker:permission-check-fix-SNAPSHOT] AndroidManifest.xml:11:5-81
MERGED from [com.github.timusus:RxImagePicker:permission-check-fix-SNAPSHOT] AndroidManifest.xml:11:5-81
	android:name
		ADDED from src/main/AndroidManifest.xml:20:22-78
application
ADDED from src/main/AndroidManifest.xml:23:5-334:19
MERGED from [:libraries:aesthetic] AndroidManifest.xml:11:5-20
MERGED from [:libraries:aesthetic] AndroidManifest.xml:11:5-20
MERGED from [:libraries:multisheetview] AndroidManifest.xml:11:5-15:19
MERGED from [:libraries:multisheetview] AndroidManifest.xml:11:5-15:19
MERGED from [com.google.android.gms:play-services-cast:15.0.1] AndroidManifest.xml:22:5-20
MERGED from [com.google.android.gms:play-services-cast:15.0.1] AndroidManifest.xml:22:5-20
MERGED from [:libraries:recycler-adapter] AndroidManifest.xml:11:5-15:19
MERGED from [:libraries:recycler-adapter] AndroidManifest.xml:11:5-15:19
MERGED from [com.afollestad.material-dialogs:commons:0.9.6.0] AndroidManifest.xml:12:5-20
MERGED from [com.afollestad.material-dialogs:commons:0.9.6.0] AndroidManifest.xml:12:5-20
MERGED from [com.afollestad.material-dialogs:core:0.9.6.0] AndroidManifest.xml:13:5-20
MERGED from [com.afollestad.material-dialogs:core:0.9.6.0] AndroidManifest.xml:13:5-20
MERGED from [com.google.firebase:firebase-config:16.0.0] AndroidManifest.xml:22:5-20
MERGED from [com.google.firebase:firebase-config:16.0.0] AndroidManifest.xml:22:5-20
MERGED from [com.google.firebase:firebase-core:16.0.1] AndroidManifest.xml:7:5-20
MERGED from [com.google.firebase:firebase-core:16.0.1] AndroidManifest.xml:7:5-20
MERGED from [com.google.firebase:firebase-measurement-connector-impl:16.0.1] AndroidManifest.xml:26:5-32:19
MERGED from [com.google.firebase:firebase-measurement-connector-impl:16.0.1] AndroidManifest.xml:26:5-32:19
MERGED from [com.google.firebase:firebase-analytics:16.0.1] AndroidManifest.xml:28:5-53:19
MERGED from [com.google.firebase:firebase-analytics:16.0.1] AndroidManifest.xml:28:5-53:19
MERGED from [com.google.android.gms:play-services-phenotype:15.0.1] AndroidManifest.xml:22:5-20
MERGED from [com.google.android.gms:play-services-phenotype:15.0.1] AndroidManifest.xml:22:5-20
MERGED from [com.google.firebase:firebase-analytics-impl:16.1.1] AndroidManifest.xml:28:5-38:19
MERGED from [com.google.firebase:firebase-analytics-impl:16.1.1] AndroidManifest.xml:28:5-38:19
MERGED from [com.google.firebase:firebase-iid:16.0.0] AndroidManifest.xml:34:5-63:19
MERGED from [com.google.firebase:firebase-iid:16.0.0] AndroidManifest.xml:34:5-63:19
MERGED from [com.google.firebase:firebase-iid-interop:16.0.0] AndroidManifest.xml:7:5-8:19
MERGED from [com.google.firebase:firebase-iid-interop:16.0.0] AndroidManifest.xml:7:5-8:19
MERGED from [com.google.android.gms:play-services-base:15.0.1] AndroidManifest.xml:22:5-27:19
MERGED from [com.google.android.gms:play-services-base:15.0.1] AndroidManifest.xml:22:5-27:19
MERGED from [com.google.firebase:firebase-common:16.0.0] AndroidManifest.xml:8:5-14:19
MERGED from [com.google.firebase:firebase-common:16.0.0] AndroidManifest.xml:8:5-14:19
MERGED from [com.google.android.gms:play-services-tasks:15.0.1] AndroidManifest.xml:7:5-20
MERGED from [com.google.android.gms:play-services-tasks:15.0.1] AndroidManifest.xml:7:5-20
MERGED from [com.google.android.gms:play-services-stats:15.0.1] AndroidManifest.xml:7:5-20
MERGED from [com.google.android.gms:play-services-stats:15.0.1] AndroidManifest.xml:7:5-20
MERGED from [com.google.firebase:firebase-measurement-connector:16.0.0] AndroidManifest.xml:22:5-23:19
MERGED from [com.google.firebase:firebase-measurement-connector:16.0.0] AndroidManifest.xml:22:5-23:19
MERGED from [com.google.android.gms:play-services-ads-identifier:15.0.1] AndroidManifest.xml:22:5-20
MERGED from [com.google.android.gms:play-services-ads-identifier:15.0.1] AndroidManifest.xml:22:5-20
MERGED from [com.google.android.gms:play-services-basement:15.0.1] AndroidManifest.xml:22:5-26:19
MERGED from [com.google.android.gms:play-services-basement:15.0.1] AndroidManifest.xml:22:5-26:19
MERGED from [com.android.support.constraint:constraint-layout:1.1.0-beta5] AndroidManifest.xml:9:5-20
MERGED from [com.android.support.constraint:constraint-layout:1.1.0-beta5] AndroidManifest.xml:9:5-20
MERGED from [com.github.timusus:RxImagePicker:permission-check-fix-SNAPSHOT] AndroidManifest.xml:13:5-18:19
MERGED from [com.github.timusus:RxImagePicker:permission-check-fix-SNAPSHOT] AndroidManifest.xml:13:5-18:19
MERGED from [com.f2prateek.rx.preferences2:rx-preferences:2.0.0] AndroidManifest.xml:8:5-20
MERGED from [com.f2prateek.rx.preferences2:rx-preferences:2.0.0] AndroidManifest.xml:8:5-20
MERGED from [com.github.bumptech.glide:okhttp3-integration:1.4.0] AndroidManifest.xml:11:5-15:19
MERGED from [com.github.bumptech.glide:okhttp3-integration:1.4.0] AndroidManifest.xml:11:5-15:19
MERGED from [com.greysonparrelli.permiso:permiso:0.3.0] AndroidManifest.xml:11:5-12:19
MERGED from [com.greysonparrelli.permiso:permiso:0.3.0] AndroidManifest.xml:11:5-12:19
MERGED from [com.crashlytics.sdk.android:crashlytics:2.9.4] AndroidManifest.xml:11:5-17:19
MERGED from [com.crashlytics.sdk.android:crashlytics:2.9.4] AndroidManifest.xml:11:5-17:19
MERGED from [com.crashlytics.sdk.android:crashlytics-core:2.6.3] AndroidManifest.xml:54:5-20
MERGED from [com.crashlytics.sdk.android:crashlytics-core:2.6.3] AndroidManifest.xml:54:5-20
MERGED from [com.crashlytics.sdk.android:beta:1.2.9] AndroidManifest.xml:11:5-20
MERGED from [com.crashlytics.sdk.android:beta:1.2.9] AndroidManifest.xml:11:5-20
MERGED from [com.crashlytics.sdk.android:answers:1.4.2] AndroidManifest.xml:11:5-20
MERGED from [com.crashlytics.sdk.android:answers:1.4.2] AndroidManifest.xml:11:5-20
MERGED from [io.fabric.sdk.android:fabric:1.4.3] AndroidManifest.xml:31:5-20
MERGED from [io.fabric.sdk.android:fabric:1.4.3] AndroidManifest.xml:31:5-20
MERGED from [com.google.android.gms:play-services-measurement-base:16.0.0] AndroidManifest.xml:22:5-20
MERGED from [com.google.android.gms:play-services-measurement-base:16.0.0] AndroidManifest.xml:22:5-20
	android:requestLegacyExternalStorage
		ADDED from src/main/AndroidManifest.xml:33:9-52
	android:supportsRtl
		ADDED from [:libraries:multisheetview] AndroidManifest.xml:14:9-35
	android:label
		ADDED from src/main/AndroidManifest.xml:29:9-41
	android:hardwareAccelerated
		ADDED from src/main/AndroidManifest.xml:27:9-43
	android:roundIcon
		ADDED from src/main/AndroidManifest.xml:31:9-54
	android:allowTaskReparenting
		ADDED from src/main/AndroidManifest.xml:26:9-44
	android:largeHeap
		ADDED from src/main/AndroidManifest.xml:30:9-33
	android:icon
		ADDED from src/main/AndroidManifest.xml:28:9-43
	android:allowBackup
		ADDED from src/main/AndroidManifest.xml:25:9-35
	android:theme
		ADDED from src/main/AndroidManifest.xml:32:9-40
	android:name
		ADDED from src/main/AndroidManifest.xml:24:9-46
meta-data#android.max_aspect
ADDED from src/main/AndroidManifest.xml:35:9-37:34
	android:value
		ADDED from src/main/AndroidManifest.xml:37:13-32
	android:name
		ADDED from src/main/AndroidManifest.xml:36:13-46
meta-data#com.mutho.music.glide.utils.CustomGlideModule
ADDED from src/main/AndroidManifest.xml:39:9-41:42
	android:value
		ADDED from src/main/AndroidManifest.xml:41:13-40
	android:name
		ADDED from src/main/AndroidManifest.xml:40:13-73
activity#com.google.android.libraries.cast.companionlibrary.cast.player.VideoCastControllerActivity
ADDED from src/main/AndroidManifest.xml:43:9-126
	android:name
		ADDED from src/main/AndroidManifest.xml:43:19-124
meta-data#com.google.android.gms.version
ADDED from src/main/AndroidManifest.xml:45:9-47:68
MERGED from [com.google.android.gms:play-services-basement:15.0.1] AndroidManifest.xml:23:9-25:69
MERGED from [com.google.android.gms:play-services-basement:15.0.1] AndroidManifest.xml:23:9-25:69
	android:value
		ADDED from src/main/AndroidManifest.xml:47:13-66
	android:name
		ADDED from src/main/AndroidManifest.xml:46:13-58
meta-data#android.app.default_searchable
ADDED from src/main/AndroidManifest.xml:48:9-50:61
	android:value
		ADDED from src/main/AndroidManifest.xml:50:13-59
	android:name
		ADDED from src/main/AndroidManifest.xml:49:13-58
activity#com.mutho.music.ui.activities.MainActivity
ADDED from src/main/AndroidManifest.xml:52:9-133:20
	android:label
		ADDED from src/main/AndroidManifest.xml:55:13-45
	android:launchMode
		ADDED from src/main/AndroidManifest.xml:56:13-48
	android:windowSoftInputMode
		ADDED from src/main/AndroidManifest.xml:57:13-52
	android:exported
		ADDED from src/main/AndroidManifest.xml:54:13-36
	android:name
		ADDED from src/main/AndroidManifest.xml:53:13-55
intent-filter#action:name:android.intent.action.MEDIA_SEARCH+action:name:android.intent.action.SEARCH+category:name:android.intent.category.DEFAULT
ADDED from src/main/AndroidManifest.xml:59:13-64:29
action#android.intent.action.SEARCH
ADDED from src/main/AndroidManifest.xml:60:17-70
	android:name
		ADDED from src/main/AndroidManifest.xml:60:25-68
action#android.intent.action.MEDIA_SEARCH
ADDED from src/main/AndroidManifest.xml:61:17-76
	android:name
		ADDED from src/main/AndroidManifest.xml:61:25-74
category#android.intent.category.DEFAULT
ADDED from src/main/AndroidManifest.xml:63:17-75
	android:name
		ADDED from src/main/AndroidManifest.xml:63:27-73
meta-data#android.app.searchable
ADDED from src/main/AndroidManifest.xml:66:13-68:53
	android:resource
		ADDED from src/main/AndroidManifest.xml:68:17-51
	android:name
		ADDED from src/main/AndroidManifest.xml:67:17-54
meta-data#android.app.shortcuts
ADDED from src/main/AndroidManifest.xml:70:13-72:52
	android:resource
		ADDED from src/main/AndroidManifest.xml:72:17-50
	android:name
		ADDED from src/main/AndroidManifest.xml:71:17-53
intent-filter#action:name:android.intent.action.MAIN+action:name:android.intent.action.MUSIC_PLAYER+category:name:android.intent.category.APP_MUSIC+category:name:android.intent.category.DEFAULT+category:name:android.intent.category.LAUNCHER
ADDED from src/main/AndroidManifest.xml:74:13-81:29
action#android.intent.action.MAIN
ADDED from src/main/AndroidManifest.xml:75:17-68
	android:name
		ADDED from src/main/AndroidManifest.xml:75:25-66
action#android.intent.action.MUSIC_PLAYER
ADDED from src/main/AndroidManifest.xml:76:17-76
	android:name
		ADDED from src/main/AndroidManifest.xml:76:25-74
category#android.intent.category.LAUNCHER
ADDED from src/main/AndroidManifest.xml:78:17-76
	android:name
		ADDED from src/main/AndroidManifest.xml:78:27-74
category#android.intent.category.APP_MUSIC
ADDED from src/main/AndroidManifest.xml:79:17-77
	android:name
		ADDED from src/main/AndroidManifest.xml:79:27-75
intent-filter#action:name:com.mutho.music.update+action:name:com.mutho.music.updateplaybutton
ADDED from src/main/AndroidManifest.xml:83:13-86:29
action#com.mutho.music.update
ADDED from src/main/AndroidManifest.xml:84:17-64
	android:name
		ADDED from src/main/AndroidManifest.xml:84:25-62
action#com.mutho.music.updateplaybutton
ADDED from src/main/AndroidManifest.xml:85:17-74
	android:name
		ADDED from src/main/AndroidManifest.xml:85:25-72
intent-filter#action:name:android.intent.action.VIEW+category:name:android.intent.category.DEFAULT+data:mimeType:application/itunes+data:mimeType:application/ogg+data:mimeType:application/x-ogg+data:mimeType:audio/*+data:scheme:content
ADDED from src/main/AndroidManifest.xml:88:13-97:29
action#android.intent.action.VIEW
ADDED from src/main/AndroidManifest.xml:89:17-68
	android:name
		ADDED from src/main/AndroidManifest.xml:89:25-66
data
ADDED from src/main/AndroidManifest.xml:92:17-49
	android:scheme
		ADDED from src/main/AndroidManifest.xml:92:23-47
intent-filter#action:name:android.intent.action.VIEW+category:name:android.intent.category.DEFAULT+data:mimeType:application/itunes+data:mimeType:application/ogg+data:mimeType:application/x-ogg+data:mimeType:audio/*+data:scheme:file
ADDED from src/main/AndroidManifest.xml:99:13-108:29
intent-filter#action:name:android.intent.action.VIEW+category:name:android.intent.category.BROWSABLE+category:name:android.intent.category.DEFAULT+data:mimeType:application/itunes+data:mimeType:application/ogg+data:mimeType:application/x-ogg+data:mimeType:audio/*+data:scheme:http
ADDED from src/main/AndroidManifest.xml:110:13-121:29
category#android.intent.category.BROWSABLE
ADDED from src/main/AndroidManifest.xml:114:17-77
	android:name
		ADDED from src/main/AndroidManifest.xml:114:27-75
intent-filter#action:name:com.mutho.music.PLAYBACK_VIEWER+category:name:android.intent.category.DEFAULT
ADDED from src/main/AndroidManifest.xml:123:13-126:29
intent-filter#action:name:android.intent.action.VIEW+category:name:android.intent.category.DEFAULT+data:mimeType:vnd.android.cursor.dir/playlist
ADDED from src/main/AndroidManifest.xml:128:13-132:29
activity#com.mutho.music.search.VoiceSearchActivity
ADDED from src/main/AndroidManifest.xml:134:9-143:20
	android:excludeFromRecents
		ADDED from src/main/AndroidManifest.xml:136:13-46
	android:exported
		ADDED from src/main/AndroidManifest.xml:137:13-36
	android:theme
		ADDED from src/main/AndroidManifest.xml:138:13-52
	android:name
		ADDED from src/main/AndroidManifest.xml:135:13-55
intent-filter#action:name:android.media.action.MEDIA_PLAY_FROM_SEARCH+category:name:android.intent.category.DEFAULT
ADDED from src/main/AndroidManifest.xml:139:13-142:29
action#android.media.action.MEDIA_PLAY_FROM_SEARCH
ADDED from src/main/AndroidManifest.xml:140:17-85
	android:name
		ADDED from src/main/AndroidManifest.xml:140:25-83
activity#com.mutho.music.ui.activities.ShortcutTrampolineActivity
ADDED from src/main/AndroidManifest.xml:145:9-153:20
	android:excludeFromRecents
		ADDED from src/main/AndroidManifest.xml:147:13-46
	android:exported
		ADDED from src/main/AndroidManifest.xml:148:13-36
	android:theme
		ADDED from src/main/AndroidManifest.xml:149:13-52
	android:name
		ADDED from src/main/AndroidManifest.xml:146:13-69
intent-filter#action:name:com.mutho.music.shortcuts.SHUFFLE
ADDED from src/main/AndroidManifest.xml:150:13-152:29
action#com.mutho.music.shortcuts.SHUFFLE
ADDED from src/main/AndroidManifest.xml:151:17-75
	android:name
		ADDED from src/main/AndroidManifest.xml:151:25-73
service#com.mutho.music.playback.MusicService
ADDED from src/main/AndroidManifest.xml:155:9-163:19
	android:label
		ADDED from src/main/AndroidManifest.xml:158:13-45
	android:exported
		ADDED from src/main/AndroidManifest.xml:157:13-36
	android:name
		ADDED from src/main/AndroidManifest.xml:156:13-50
intent-filter#action:name:android.media.browse.MediaBrowserService
ADDED from src/main/AndroidManifest.xml:159:13-161:29
action#android.media.browse.MediaBrowserService
ADDED from src/main/AndroidManifest.xml:160:17-82
	android:name
		ADDED from src/main/AndroidManifest.xml:160:25-80
service#com.mutho.music.services.DashClockService
ADDED from src/main/AndroidManifest.xml:164:9-179:19
	android:label
		ADDED from src/main/AndroidManifest.xml:167:13-45
	android:permission
		ADDED from src/main/AndroidManifest.xml:168:13-98
	android:icon
		ADDED from src/main/AndroidManifest.xml:166:13-57
	android:name
		ADDED from src/main/AndroidManifest.xml:165:13-54
intent-filter#action:name:com.google.android.apps.dashclock.Extension
ADDED from src/main/AndroidManifest.xml:169:13-171:29
action#com.google.android.apps.dashclock.Extension
ADDED from src/main/AndroidManifest.xml:170:17-85
	android:name
		ADDED from src/main/AndroidManifest.xml:170:25-83
meta-data#protocolVersion
ADDED from src/main/AndroidManifest.xml:173:13-175:36
	android:value
		ADDED from src/main/AndroidManifest.xml:175:17-34
	android:name
		ADDED from src/main/AndroidManifest.xml:174:17-47
meta-data#description
ADDED from src/main/AndroidManifest.xml:176:13-178:64
	android:value
		ADDED from src/main/AndroidManifest.xml:178:17-62
	android:name
		ADDED from src/main/AndroidManifest.xml:177:17-43
service#com.mutho.music.services.ArtworkDownloadService
ADDED from src/main/AndroidManifest.xml:181:9-183:55
	android:label
		ADDED from src/main/AndroidManifest.xml:183:13-53
	android:name
		ADDED from src/main/AndroidManifest.xml:182:13-60
receiver#com.mutho.music.utils.MediaButtonIntentReceiver
ADDED from src/main/AndroidManifest.xml:185:9-195:20
	android:name
		ADDED from src/main/AndroidManifest.xml:185:19-81
intent-filter#action:name:android.intent.action.HEADSET_PLUG+action:name:android.intent.action.MEDIA_BUTTON+action:name:android.media.AUDIO_BECOMING_NOISY
ADDED from src/main/AndroidManifest.xml:186:13-194:29
action#android.intent.action.MEDIA_BUTTON
ADDED from src/main/AndroidManifest.xml:187:17-189:45
	android:priority
		ADDED from src/main/AndroidManifest.xml:189:21-43
	android:name
		ADDED from src/main/AndroidManifest.xml:188:21-70
action#android.media.AUDIO_BECOMING_NOISY
ADDED from src/main/AndroidManifest.xml:190:17-76
	android:name
		ADDED from src/main/AndroidManifest.xml:190:25-74
action#android.intent.action.HEADSET_PLUG
ADDED from src/main/AndroidManifest.xml:191:17-193:45
	android:priority
		ADDED from src/main/AndroidManifest.xml:193:21-43
	android:name
		ADDED from src/main/AndroidManifest.xml:192:21-70
activity#com.mutho.music.ui.appwidget.WidgetConfigureMedium
ADDED from src/main/AndroidManifest.xml:198:9-204:20
	android:theme
		ADDED from src/main/AndroidManifest.xml:200:13-50
	android:name
		ADDED from src/main/AndroidManifest.xml:199:13-63
intent-filter#action:name:android.appwidget.action.APPWIDGET_CONFIGURE
ADDED from src/main/AndroidManifest.xml:201:13-203:29